[Bridge] Starting Discord -> Telegram relay...
[Bridge] Discord DM channel: 1501849094589779978
[Bridge] Polling started (Ctrl+C to stop)
[Bridge] DC -> TG: ทำไม discord มันดูช้า กว่า เทเรแกรม
[DC->TG] Sent: ทำไม discord มันดูช้า กว่า เทเรแกรม
[Bridge] DC -> TG: กูอยากให้ตอบไปทั้ง telegram และ discord  ลิ้งกันเล
[DC->TG] Sent: กูอยากให้ตอบไปทั้ง telegram และ discord  ลิ้งกันเล
[Bridge] DC -> TG: แบบ2
[DC->TG] Sent: แบบ2
[Bridge] DC -> TG: แบบ2
[DC->TG] Sent: แบบ2
[Bridge] DC -> TG: Telegram ทักไปไม่ยอมตอบ
[DC->TG] Sent: Telegram ทักไปไม่ยอมตอบ
[Bridge] Starting Discord -> Telegram relay...
[Bridge] Discord DM channel: 1501849094589779978
[Bridge] First run, synced to latest message id=1501865224154775582
[Bridge] Polling started (Ctrl+C to stop)
[Bridge] DC -> TG: ทัก
[DC->TG] Sent: ทัก
[Bridge] Starting Discord -> Telegram relay...
[Bridge] Discord DM channel: 1501849094589779978
[Bridge] Resumed from state, last_msg_id=1501874975798202368
[Bridge] Polling started (Ctrl+C to stop)
[Bridge] DC -> TG: แล้วตอบผ่านdiscord ได้ไหม
[DC->TG] Sent: แล้วตอบผ่านdiscord ได้ไหม
[Bridge] DC -> TG: Telegram ทำไมไม่ตอบ
[DC->TG] Sent: Telegram ทำไมไม่ตอบ
